[Node1] 2025-09-04 00:46:36,301 - Iniciando nó na porta 8001
[Node1] 2025-09-04 00:46:36,306 - Nó Node1 rodando em localhost:8001
[Node1] 2025-09-04 00:46:36,810 - Iniciando nó na porta 8002
[Node1] 2025-09-04 00:46:36,811 - Nó Node2 rodando em localhost:8002
[Node1] 2025-09-04 00:46:37,314 - Iniciando nó na porta 8003
[Node1] 2025-09-04 00:46:37,315 - Nó Node3 rodando em localhost:8003
[Node1] 2025-09-04 00:49:32,868 - Login bem-sucedido: admin
[Node1] 2025-09-04 00:49:50,996 - Nova mensagem de admin: hola senhores
[Node1] 2025-09-04 00:49:51,003 - Sincronizado 1 novas mensagens
[Node1] 2025-09-04 00:49:51,005 - Sincronizado 1 novas mensagens
[Node1] 2025-09-04 00:50:48,581 - Falha no login: teste
[Node1] 2025-09-04 00:51:04,804 - Login bem-sucedido: test
[Node1] 2025-09-04 00:56:58,465 - Iniciando nó na porta 8001
[Node1] 2025-09-04 00:56:58,470 - Nó Node1 rodando em localhost:8001
[Node1] 2025-09-04 00:56:58,974 - Iniciando nó na porta 8002
[Node1] 2025-09-04 00:56:58,975 - Nó Node2 rodando em localhost:8002
[Node1] 2025-09-04 00:56:59,478 - Iniciando nó na porta 8003
[Node1] 2025-09-04 00:56:59,479 - Nó Node3 rodando em localhost:8003
[Node1] 2025-09-04 00:58:44,140 - Login bem-sucedido: test
[Node1] 2025-09-04 00:59:10,929 - Login bem-sucedido: user1
[Node1] 2025-09-04 00:59:18,906 - Nova mensagem de user1: ahsdasdohapsd
[Node1] 2025-09-04 00:59:18,908 - Sincronizado 1 novas mensagens
[Node1] 2025-09-04 00:59:18,909 - Sincronizado 1 novas mensagens
[Node1] 2025-09-04 00:59:25,653 - Nova mensagem de test: resposta ao envio
[Node1] 2025-09-04 00:59:25,670 - Sincronizado 1 novas mensagens
[Node1] 2025-09-04 00:59:25,686 - Sincronizado 1 novas mensagens
[Node1] 2025-09-04 00:59:41,690 - Login bem-sucedido: user1
[Node1] 2025-09-04 00:59:50,208 - Nova mensagem de user1: awiahsdbalasd
[Node1] 2025-09-04 00:59:50,209 - Sincronizado 1 novas mensagens
[Node1] 2025-09-04 00:59:50,223 - Sincronizado 1 novas mensagens
